<?xml version="1.0" encoding="UTF-8"?>
<!-- Generated by org.testng.reporters.JUnitXMLReporter -->
<testsuite hostname="DESKTOP-QRB56CU" name="Default test" tests="4" failures="0" timestamp="18 Sep 2024 16:11:14 GMT" time="21.845" errors="0">
  <testcase name="verifyLoginWithInvalidIdAndInvalidPassword" time="0.74" classname="testCases.LoginPageTest"/>
  <testcase name="verifyLoginWithInvalidIdAndvalidPassword" time="0.686" classname="testCases.LoginPageTest"/>
  <testcase name="verifyLoginWithValidCredentials" time="1.056" classname="testCases.LoginPageTest"/>
  <testcase name="verifyLoginWithvalidIdAndInvalidPassword" time="0.725" classname="testCases.LoginPageTest"/>
</testsuite> <!-- Default test -->
