<?xml version="1.0" encoding="UTF-8"?>
<testng-results skipped="0" failed="1" ignored="0" total="6" passed="5">
  <reporter-output>
  </reporter-output>
  <suite name="Suite" duration-ms="55537" started-at="2024-09-18T12:12:15 EDT" finished-at="2024-09-18T12:13:10 EDT">
    <groups>
    </groups>
    <test name="Test" duration-ms="55537" started-at="2024-09-18T12:12:15 EDT" finished-at="2024-09-18T12:13:10 EDT">
      <class name="testCases.LoginPageTest">
        <test-method status="PASS" signature="setup()[pri:0, instance:testCases.LoginPageTest@43738a82]" name="setup" is-config="true" duration-ms="4003" started-at="2024-09-18T12:12:47 EDT" finished-at="2024-09-18T12:12:51 EDT">
          <reporter-output>
          </reporter-output>
        </test-method> <!-- setup -->
        <test-method status="PASS" signature="verifyLoginWithInvalidIdAndInvalidPassword()[pri:0, instance:testCases.LoginPageTest@43738a82]" name="verifyLoginWithInvalidIdAndInvalidPassword" duration-ms="692" started-at="2024-09-18T12:12:51 EDT" finished-at="2024-09-18T12:12:52 EDT">
          <reporter-output>
          </reporter-output>
        </test-method> <!-- verifyLoginWithInvalidIdAndInvalidPassword -->
        <test-method status="PASS" signature="setup()[pri:0, instance:testCases.LoginPageTest@43738a82]" name="setup" is-config="true" duration-ms="4030" started-at="2024-09-18T12:12:52 EDT" finished-at="2024-09-18T12:12:56 EDT">
          <reporter-output>
          </reporter-output>
        </test-method> <!-- setup -->
        <test-method status="PASS" signature="verifyLoginWithInvalidIdAndvalidPassword()[pri:0, instance:testCases.LoginPageTest@43738a82]" name="verifyLoginWithInvalidIdAndvalidPassword" duration-ms="720" started-at="2024-09-18T12:12:56 EDT" finished-at="2024-09-18T12:12:57 EDT">
          <reporter-output>
          </reporter-output>
        </test-method> <!-- verifyLoginWithInvalidIdAndvalidPassword -->
        <test-method status="PASS" signature="setup()[pri:0, instance:testCases.LoginPageTest@43738a82]" name="setup" is-config="true" duration-ms="5619" started-at="2024-09-18T12:12:57 EDT" finished-at="2024-09-18T12:13:02 EDT">
          <reporter-output>
          </reporter-output>
        </test-method> <!-- setup -->
        <test-method status="PASS" signature="verifyLoginWithValidCredentials()[pri:0, instance:testCases.LoginPageTest@43738a82]" name="verifyLoginWithValidCredentials" duration-ms="1077" started-at="2024-09-18T12:13:02 EDT" finished-at="2024-09-18T12:13:03 EDT">
          <reporter-output>
          </reporter-output>
        </test-method> <!-- verifyLoginWithValidCredentials -->
        <test-method status="PASS" signature="setup()[pri:0, instance:testCases.LoginPageTest@43738a82]" name="setup" is-config="true" duration-ms="6249" started-at="2024-09-18T12:13:03 EDT" finished-at="2024-09-18T12:13:09 EDT">
          <reporter-output>
          </reporter-output>
        </test-method> <!-- setup -->
        <test-method status="PASS" signature="verifyLoginWithvalidIdAndInvalidPassword()[pri:0, instance:testCases.LoginPageTest@43738a82]" name="verifyLoginWithvalidIdAndInvalidPassword" duration-ms="864" started-at="2024-09-18T12:13:09 EDT" finished-at="2024-09-18T12:13:10 EDT">
          <reporter-output>
          </reporter-output>
        </test-method> <!-- verifyLoginWithvalidIdAndInvalidPassword -->
      </class> <!-- testCases.LoginPageTest -->
      <class name="testCases.AddressbookPageTest">
        <test-method status="PASS" signature="setup()[pri:0, instance:testCases.AddressbookPageTest@3aeaafa6]" name="setup" is-config="true" duration-ms="8213" started-at="2024-09-18T12:12:15 EDT" finished-at="2024-09-18T12:12:23 EDT">
          <reporter-output>
          </reporter-output>
        </test-method> <!-- setup -->
        <test-method status="PASS" signature="addANewAddress()[pri:1, instance:testCases.AddressbookPageTest@3aeaafa6]" name="addANewAddress" duration-ms="11626" started-at="2024-09-18T12:12:23 EDT" finished-at="2024-09-18T12:12:35 EDT">
          <reporter-output>
          </reporter-output>
        </test-method> <!-- addANewAddress -->
        <test-method status="PASS" signature="setup()[pri:0, instance:testCases.AddressbookPageTest@3aeaafa6]" name="setup" is-config="true" duration-ms="10245" started-at="2024-09-18T12:12:35 EDT" finished-at="2024-09-18T12:12:45 EDT">
          <reporter-output>
          </reporter-output>
        </test-method> <!-- setup -->
        <test-method status="FAIL" signature="addNewAddress()[pri:2, instance:testCases.AddressbookPageTest@3aeaafa6]" name="addNewAddress" duration-ms="2145" started-at="2024-09-18T12:12:45 EDT" finished-at="2024-09-18T12:12:47 EDT">
          <exception class="org.openqa.selenium.NoSuchElementException">
            <message>
              <![CDATA[Cannot locate option with text: Saint Helena
For documentation on this error, please visit: https://www.selenium.dev/documentation/webdriver/troubleshooting/errors#no-such-element-exception
Build info: version: '4.13.0', revision: 'ba948ece5b*'
System info: os.name: 'Windows 10', os.arch: 'amd64', os.version: '10.0', java.version: '1.8.0_333'
Driver info: driver.version: unknown]]>
            </message>
            <full-stacktrace>
              <![CDATA[org.openqa.selenium.NoSuchElementException: Cannot locate option with text: Saint Helena
For documentation on this error, please visit: https://www.selenium.dev/documentation/webdriver/troubleshooting/errors#no-such-element-exception
Build info: version: '4.13.0', revision: 'ba948ece5b*'
System info: os.name: 'Windows 10', os.arch: 'amd64', os.version: '10.0', java.version: '1.8.0_333'
Driver info: driver.version: unknown
at org.openqa.selenium.support.ui.Select.selectByVisibleText(Select.java:153)
at pageObjects.AddressBookPage.newAddressWithAllFields(AddressBookPage.java:124)
at testCases.AddressbookPageTest.addNewAddress(AddressbookPageTest.java:73)
at sun.reflect.NativeMethodAccessorImpl.invoke0(Native Method)
at sun.reflect.NativeMethodAccessorImpl.invoke(NativeMethodAccessorImpl.java:62)
at sun.reflect.DelegatingMethodAccessorImpl.invoke(DelegatingMethodAccessorImpl.java:43)
at java.lang.reflect.Method.invoke(Method.java:498)
at org.testng.internal.invokers.MethodInvocationHelper.invokeMethod(MethodInvocationHelper.java:135)
at org.testng.internal.invokers.TestInvoker.invokeMethod(TestInvoker.java:673)
at org.testng.internal.invokers.TestInvoker.invokeTestMethod(TestInvoker.java:220)
at org.testng.internal.invokers.MethodRunner.runInSequence(MethodRunner.java:50)
at org.testng.internal.invokers.TestInvoker$MethodInvocationAgent.invoke(TestInvoker.java:945)
at org.testng.internal.invokers.TestInvoker.invokeTestMethods(TestInvoker.java:193)
at org.testng.internal.invokers.TestMethodWorker.invokeTestMethods(TestMethodWorker.java:146)
at org.testng.internal.invokers.TestMethodWorker.run(TestMethodWorker.java:128)
at java.util.ArrayList.forEach(ArrayList.java:1259)
at org.testng.TestRunner.privateRun(TestRunner.java:808)
at org.testng.TestRunner.run(TestRunner.java:603)
at org.testng.SuiteRunner.runTest(SuiteRunner.java:429)
at org.testng.SuiteRunner.runSequentially(SuiteRunner.java:423)
at org.testng.SuiteRunner.privateRun(SuiteRunner.java:383)
at org.testng.SuiteRunner.run(SuiteRunner.java:326)
at org.testng.SuiteRunnerWorker.runSuite(SuiteRunnerWorker.java:52)
at org.testng.SuiteRunnerWorker.run(SuiteRunnerWorker.java:95)
at org.testng.TestNG.runSuitesSequentially(TestNG.java:1249)
at org.testng.TestNG.runSuitesLocally(TestNG.java:1169)
at org.testng.TestNG.runSuites(TestNG.java:1092)
at org.testng.TestNG.run(TestNG.java:1060)
at org.apache.maven.surefire.testng.TestNGExecutor.run(TestNGExecutor.java:283)
at org.apache.maven.surefire.testng.TestNGXmlTestSuite.execute(TestNGXmlTestSuite.java:75)
at org.apache.maven.surefire.testng.TestNGProvider.invoke(TestNGProvider.java:120)
at org.apache.maven.surefire.booter.ForkedBooter.invokeProviderInSameClassLoader(ForkedBooter.java:384)
at org.apache.maven.surefire.booter.ForkedBooter.runSuitesInProcess(ForkedBooter.java:345)
at org.apache.maven.surefire.booter.ForkedBooter.execute(ForkedBooter.java:126)
at org.apache.maven.surefire.booter.ForkedBooter.main(ForkedBooter.java:418)
]]>
            </full-stacktrace>
          </exception> <!-- org.openqa.selenium.NoSuchElementException -->
          <reporter-output>
          </reporter-output>
        </test-method> <!-- addNewAddress -->
      </class> <!-- testCases.AddressbookPageTest -->
    </test> <!-- Test -->
  </suite> <!-- Suite -->
</testng-results>
