<?xml version="1.0" encoding="UTF-8"?>
<testng-results skipped="0" failed="0" total="4" passed="4">
  <reporter-output>
  </reporter-output>
  <suite name="Default suite" duration-ms="21845" started-at="2024-09-18T16:10:52Z" finished-at="2024-09-18T16:11:14Z">
    <groups>
    </groups>
    <test name="Default test" duration-ms="21845" started-at="2024-09-18T16:10:52Z" finished-at="2024-09-18T16:11:14Z">
      <class name="testCases.LoginPageTest">
        <test-method status="PASS" signature="setup()[pri:0, instance:testCases.LoginPageTest@1810399e]" name="setup" is-config="true" duration-ms="6022" started-at="2024-09-18T12:10:52Z" finished-at="2024-09-18T12:10:58Z">
          <reporter-output>
          </reporter-output>
        </test-method> <!-- setup -->
        <test-method status="PASS" signature="verifyLoginWithInvalidIdAndInvalidPassword()[pri:0, instance:testCases.LoginPageTest@1810399e]" name="verifyLoginWithInvalidIdAndInvalidPassword" duration-ms="740" started-at="2024-09-18T12:10:58Z" finished-at="2024-09-18T12:10:59Z">
          <reporter-output>
          </reporter-output>
        </test-method> <!-- verifyLoginWithInvalidIdAndInvalidPassword -->
        <test-method status="PASS" signature="setup()[pri:0, instance:testCases.LoginPageTest@1810399e]" name="setup" is-config="true" duration-ms="3961" started-at="2024-09-18T12:10:59Z" finished-at="2024-09-18T12:11:03Z">
          <reporter-output>
          </reporter-output>
        </test-method> <!-- setup -->
        <test-method status="PASS" signature="verifyLoginWithInvalidIdAndvalidPassword()[pri:0, instance:testCases.LoginPageTest@1810399e]" name="verifyLoginWithInvalidIdAndvalidPassword" duration-ms="686" started-at="2024-09-18T12:11:03Z" finished-at="2024-09-18T12:11:04Z">
          <reporter-output>
          </reporter-output>
        </test-method> <!-- verifyLoginWithInvalidIdAndvalidPassword -->
        <test-method status="PASS" signature="setup()[pri:0, instance:testCases.LoginPageTest@1810399e]" name="setup" is-config="true" duration-ms="4171" started-at="2024-09-18T12:11:04Z" finished-at="2024-09-18T12:11:08Z">
          <reporter-output>
          </reporter-output>
        </test-method> <!-- setup -->
        <test-method status="PASS" signature="verifyLoginWithValidCredentials()[pri:0, instance:testCases.LoginPageTest@1810399e]" name="verifyLoginWithValidCredentials" duration-ms="1056" started-at="2024-09-18T12:11:08Z" finished-at="2024-09-18T12:11:09Z">
          <reporter-output>
          </reporter-output>
        </test-method> <!-- verifyLoginWithValidCredentials -->
        <test-method status="PASS" signature="setup()[pri:0, instance:testCases.LoginPageTest@1810399e]" name="setup" is-config="true" duration-ms="4467" started-at="2024-09-18T12:11:09Z" finished-at="2024-09-18T12:11:13Z">
          <reporter-output>
          </reporter-output>
        </test-method> <!-- setup -->
        <test-method status="PASS" signature="verifyLoginWithvalidIdAndInvalidPassword()[pri:0, instance:testCases.LoginPageTest@1810399e]" name="verifyLoginWithvalidIdAndInvalidPassword" duration-ms="725" started-at="2024-09-18T12:11:13Z" finished-at="2024-09-18T12:11:14Z">
          <reporter-output>
          </reporter-output>
        </test-method> <!-- verifyLoginWithvalidIdAndInvalidPassword -->
      </class> <!-- testCases.LoginPageTest -->
    </test> <!-- Default test -->
  </suite> <!-- Default suite -->
</testng-results>
